[03:36:58] [main/INFO]: Environment: authHost='https://authserver.mojang.com', accountsHost='https://api.mojang.com', sessionHost='https://sessionserver.mojang.com', servicesHost='https://api.minecraftservices.com', name='PROD'
[03:36:59] [main/WARN]: Ambiguity between arguments [teleport, destination] and [teleport, targets] with inputs: [Player, 0123, @e, dd12be42-52a9-4a91-a8a1-11c01849e498]
[03:36:59] [main/WARN]: Ambiguity between arguments [teleport, location] and [teleport, destination] with inputs: [0.1 -0.5 .9, 0 0 0]
[03:36:59] [main/WARN]: Ambiguity between arguments [teleport, location] and [teleport, targets] with inputs: [0.1 -0.5 .9, 0 0 0]
[03:36:59] [main/WARN]: Ambiguity between arguments [teleport, targets] and [teleport, destination] with inputs: [Player, 0123, dd12be42-52a9-4a91-a8a1-11c01849e498]
[03:36:59] [main/WARN]: Ambiguity between arguments [teleport, targets, location] and [teleport, targets, destination] with inputs: [0.1 -0.5 .9, 0 0 0]
[03:36:59] [main/INFO]: Reloading ResourceManager: Default
[03:37:00] [Worker-Main-2/INFO]: Loaded 7 recipes
[03:37:01] [Worker-Main-2/INFO]: Loaded 927 advancements
[03:37:04] [Server thread/INFO]: Starting minecraft server version 1.16.4
[03:37:04] [Server thread/INFO]: Loading properties
[03:37:04] [Server thread/INFO]: Default game type: SURVIVAL
[03:37:04] [Server thread/INFO]: Generating keypair
[03:37:04] [Server thread/INFO]: Starting Minecraft server on *:25565
[03:37:05] [Server thread/INFO]: Using epoll channel type
[03:37:05] [Server thread/INFO]: Preparing level "world"
[03:37:05] [Server thread/INFO]: Preparing start region for dimension minecraft:overworld
[03:37:08] [Server thread/INFO]: Preparing spawn area: 0%
[03:37:08] [Server thread/INFO]: Preparing spawn area: 0%
[03:37:08] [Server thread/INFO]: Preparing spawn area: 0%
[03:37:08] [Server thread/INFO]: Preparing spawn area: 0%
[03:37:08] [Server thread/INFO]: Preparing spawn area: 0%
[03:37:08] [Server thread/INFO]: Preparing spawn area: 0%
[03:37:08] [Worker-Main-3/INFO]: Preparing spawn area: 0%
[03:37:08] [Server thread/INFO]: Preparing spawn area: 35%
[03:37:10] [Server thread/INFO]: Time elapsed: 4639 ms
[03:37:10] [Server thread/INFO]: Done (4.758s)! For help, type "help"
[03:37:13] [Server thread/WARN]: Can't keep up! Is the server overloaded? Running 3072ms or 61 ticks behind
[03:37:37] [User Authenticator #1/INFO]: UUID of player bread_baker is 871ce0c2-73a8-454b-89f2-1611b8fe49d7
[03:37:37] [Server thread/INFO]: bread_baker[/104.229.122.206:57776] logged in with entity id 951 at (-153.75685149136154, 70.0, -58.755133402895304)
[03:37:37] [Server thread/INFO]: bread_baker joined the game
[03:38:26] [Server thread/WARN]: Can't keep up! Is the server overloaded? Running 58122ms or 1162 ticks behind
[03:38:47] [Server thread/WARN]: bread_baker moved too quickly! 0.03029134286427393,-11.026982712340207,-0.0453663784392333
[03:38:48] [Server thread/WARN]: bread_baker moved too quickly! 0.0,-11.213403912871321,0.0
[03:38:50] [Server thread/WARN]: bread_baker moved too quickly! 0.0,-10.403244163877012,0.0
[03:39:27] [User Authenticator #2/INFO]: UUID of player mattda331 is f391f49c-77a9-4448-a1ab-ac8df1f89e02
[03:39:29] [Server thread/INFO]: mattda331[/67.83.158.27:52408] logged in with entity id 987 at (-171.30000001192082, 71.0, -81.90729655454369)
[03:39:29] [Server thread/INFO]: mattda331 joined the game
[03:39:33] [Server Watchdog/FATAL]: A single server tick took 60.01 seconds (should be max 0.05)
[03:39:33] [Server Watchdog/FATAL]: Considering it to be crashed, server will forcibly shutdown.
[03:39:34] [Server Watchdog/ERROR]: This crash report has been saved to: /home/orangeabsconder/MC_Server/./crash-reports/crash-2021-01-20_03.39.34-server.txt
